<?xml version="1.0" encoding="UTF-8"?>
<!-- Generated by org.testng.reporters.JUnitReportReporter -->
<testsuite hostname="Rakeshs-MacBook-Air.local" failures="0" tests="2" name="Jenkins.TestCase" time="0.007" errors="0" timestamp="2024-08-30T02:22:20 IST" skipped="0">
  <testcase classname="Jenkins.TestCase" name="testAddition" time="0.005"/>
  <testcase classname="Jenkins.TestCase" name="testAddition1" time="0.002"/>
</testsuite> <!-- Jenkins.TestCase -->
